<?xml version="1.0" encoding="UTF-8"?>
<testsuite xmlns:xsi="http://www.w3.org/2001/XMLSchema-instance" xsi:noNamespaceSchemaLocation="https://maven.apache.org/surefire/maven-surefire-plugin/xsd/surefire-test-report.xsd" name="uk.ac.ox.ndph.mts.sampleservice.DemoAppTests" time="5.433" tests="2" errors="0" skipped="0" failures="0">
  <properties>
[...]
</properties>
  <testcase name="TestGetSecret_WhenConfigServiceExists_CorrectValueReturned" classname="uk.ac.ox.ndph.mts.sampleservice.DemoAppTests" time="0.143"/>
  <testcase name="contextLoads" classname="uk.ac.ox.ndph.mts.sampleservice.DemoAppTests" time="0.002"/>
</testsuite>